Determining if the pthread_create exist failed with the following output:
Change Dir: /home/masaya/PycharmProjects/mscf/mscf/lib/nuc/build/CMakeFiles/CMakeTmp

Run Build Command:"/usr/bin/make" "cmTC_9ef6e/fast"
/usr/bin/make -f CMakeFiles/cmTC_9ef6e.dir/build.make CMakeFiles/cmTC_9ef6e.dir/build
make[1]: ディレクトリ '/home/masaya/PycharmProjects/mscf/mscf/lib/nuc/build/CMakeFiles/CMakeTmp' に入ります
Building C object CMakeFiles/cmTC_9ef6e.dir/CheckSymbolExists.c.o
/usr/bin/cc    -o CMakeFiles/cmTC_9ef6e.dir/CheckSymbolExists.c.o   -c /home/masaya/PycharmProjects/mscf/mscf/lib/nuc/build/CMakeFiles/CMakeTmp/CheckSymbolExists.c
Linking C executable cmTC_9ef6e
/usr/bin/cmake -E cmake_link_script CMakeFiles/cmTC_9ef6e.dir/link.txt --verbose=1
/usr/bin/cc      CMakeFiles/cmTC_9ef6e.dir/CheckSymbolExists.c.o  -o cmTC_9ef6e 
CMakeFiles/cmTC_9ef6e.dir/CheckSymbolExists.c.o: 関数 `main' 内:
CheckSymbolExists.c:(.text+0x1b): `pthread_create' に対する定義されていない参照です
collect2: error: ld returned 1 exit status
CMakeFiles/cmTC_9ef6e.dir/build.make:97: recipe for target 'cmTC_9ef6e' failed
make[1]: *** [cmTC_9ef6e] Error 1
make[1]: ディレクトリ '/home/masaya/PycharmProjects/mscf/mscf/lib/nuc/build/CMakeFiles/CMakeTmp' から出ます
Makefile:126: recipe for target 'cmTC_9ef6e/fast' failed
make: *** [cmTC_9ef6e/fast] Error 2

File /home/masaya/PycharmProjects/mscf/mscf/lib/nuc/build/CMakeFiles/CMakeTmp/CheckSymbolExists.c:
/* */
#include <pthread.h>

int main(int argc, char** argv)
{
  (void)argv;
#ifndef pthread_create
  return ((int*)(&pthread_create))[argc];
#else
  (void)argc;
  return 0;
#endif
}

Determining if the function pthread_create exists in the pthreads failed with the following output:
Change Dir: /home/masaya/PycharmProjects/mscf/mscf/lib/nuc/build/CMakeFiles/CMakeTmp

Run Build Command:"/usr/bin/make" "cmTC_54829/fast"
/usr/bin/make -f CMakeFiles/cmTC_54829.dir/build.make CMakeFiles/cmTC_54829.dir/build
make[1]: ディレクトリ '/home/masaya/PycharmProjects/mscf/mscf/lib/nuc/build/CMakeFiles/CMakeTmp' に入ります
Building C object CMakeFiles/cmTC_54829.dir/CheckFunctionExists.c.o
/usr/bin/cc   -DCHECK_FUNCTION_EXISTS=pthread_create   -o CMakeFiles/cmTC_54829.dir/CheckFunctionExists.c.o   -c /usr/share/cmake-3.10/Modules/CheckFunctionExists.c
Linking C executable cmTC_54829
/usr/bin/cmake -E cmake_link_script CMakeFiles/cmTC_54829.dir/link.txt --verbose=1
/usr/bin/cc  -DCHECK_FUNCTION_EXISTS=pthread_create    CMakeFiles/cmTC_54829.dir/CheckFunctionExists.c.o  -o cmTC_54829 -lpthreads 
/usr/bin/ld: -lpthreads が見つかりません
collect2: error: ld returned 1 exit status
CMakeFiles/cmTC_54829.dir/build.make:97: recipe for target 'cmTC_54829' failed
make[1]: *** [cmTC_54829] Error 1
make[1]: ディレクトリ '/home/masaya/PycharmProjects/mscf/mscf/lib/nuc/build/CMakeFiles/CMakeTmp' から出ます
Makefile:126: recipe for target 'cmTC_54829/fast' failed
make: *** [cmTC_54829/fast] Error 2


